2gis.com
2gis.ru
alfabank.ru
aliexpress.ru
avito.ru
dzen.ru
gov.ru
gosuslugi.ru
kinopoisk.ru
lemanapro.ru
leroymerlin.ru
mail.ru
megafon.ru
megamarket.ru
modulbank.ru
more.tv
mts.ru
nalog.ru
ok.ru
ozon.ru
ozone.ru
pvision.ru
restream-media.net
restream.ru
rustore.ru
rutube.ru
rzd.ru
samokat.ru
sberbank.ru
tank.ru
tamtam.chat
tbank.ru
tchk.me
tochka.com
tochka-tech.com
tns-e.ru
vamprivet.ru
vk.com
vkvideo.ru
vtb.ru
vseinstrumenti.ru
wildberries.ru
wink.am
wink.ru
yandex.com
yandex.ru
yandex.net
yastatic.net
